# JRE version: OpenJDK Runtime Environment Temurin-17.0.13+11 (17.0.13+11) (build 17.0.13+11)
# Java VM: OpenJDK 64-Bit Server VM Temurin-17.0.13+11 (17.0.13+11, mixed mode, tiered, compressed oops, compressed class ptrs, parallel gc, windows-amd64)
GC Precious Log:
 CPUs: 4 total, 4 available
 Memory: 3971M
 Large Page Support: Disabled
 NUMA Support: Disabled
 Compressed Oops: Enabled (32-bit)
 Alignments: Space 512K, Generation 512K, Heap 2M
 Heap Min Capacity: 100M
 Heap Initial Capacity: 100M
 Heap Max Capacity: 1G
 Pre-touch: Disabled
 Parallel Workers: 4
Heap:
 PSYoungGen      total 23040K, used 7375K [0x00000000eab00000, 0x00000000ec400000, 0x0000000100000000)
  eden space 20480K, 26% used [0x00000000eab00000,0x00000000eb03ea80,0x00000000ebf00000)
  from space 2560K, 78% used [0x00000000ebf00000,0x00000000ec0f5310,0x00000000ec180000)
  to   space 2560K, 0% used [0x00000000ec180000,0x00000000ec180000,0x00000000ec400000)
 ParOldGen       total 68608K, used 26251K [0x00000000c0000000, 0x00000000c4300000, 0x00000000eab00000)
  object space 68608K, 38% used [0x00000000c0000000,0x00000000c19a2f00,0x00000000c4300000)
 Metaspace       used 45191K, committed 45952K, reserved 1114112K
  class space    used 4588K, committed 4928K, reserved 1048576K
GC Heap History (20 events):
Event: 59.989 GC heap before
{Heap before GC invocations=12 (full 2):
 PSYoungGen      total 26624K, used 23552K [0x00000000eab00000, 0x00000000ec900000, 0x0000000100000000)
  eden space 23552K, 100% used [0x00000000eab00000,0x00000000ec200000,0x00000000ec200000)
  from space 3072K, 0% used [0x00000000ec280000,0x00000000ec280000,0x00000000ec580000)
  to   space 3584K, 0% used [0x00000000ec580000,0x00000000ec580000,0x00000000ec900000)
 ParOldGen       total 68608K, used 12227K [0x00000000c0000000, 0x00000000c4300000, 0x00000000eab00000)
  object space 68608K, 17% used [0x00000000c0000000,0x00000000c0bf0c78,0x00000000c4300000)
 Metaspace       used 38322K, committed 39104K, reserved 1114112K
  class space    used 3838K, committed 4224K, reserved 1048576K
}
Event: 59.994 GC heap after
{Heap after GC invocations=12 (full 2):
 PSYoungGen      total 25088K, used 1859K [0x00000000eab00000, 0x00000000ec780000, 0x0000000100000000)
  eden space 23040K, 0% used [0x00000000eab00000,0x00000000eab00000,0x00000000ec180000)
  from space 2048K, 90% used [0x00000000ec580000,0x00000000ec750ec8,0x00000000ec780000)
  to   space 2560K, 0% used [0x00000000ec280000,0x00000000ec280000,0x00000000ec500000)
 ParOldGen       total 68608K, used 12235K [0x00000000c0000000, 0x00000000c4300000, 0x00000000eab00000)
  object space 68608K, 17% used [0x00000000c0000000,0x00000000c0bf2c78,0x00000000c4300000)
 Metaspace       used 38322K, committed 39104K, reserved 1114112K
  class space    used 3838K, committed 4224K, reserved 1048576K
}
Event: 61.286 GC heap before
{Heap before GC invocations=13 (full 2):
 PSYoungGen      total 25088K, used 24899K [0x00000000eab00000, 0x00000000ec780000, 0x0000000100000000)
  eden space 23040K, 100% used [0x00000000eab00000,0x00000000ec180000,0x00000000ec180000)
  from space 2048K, 90% used [0x00000000ec580000,0x00000000ec750ec8,0x00000000ec780000)
  to   space 2560K, 0% used [0x00000000ec280000,0x00000000ec280000,0x00000000ec500000)
 ParOldGen       total 68608K, used 12235K [0x00000000c0000000, 0x00000000c4300000, 0x00000000eab00000)
  object space 68608K, 17% used [0x00000000c0000000,0x00000000c0bf2c78,0x00000000c4300000)
 Metaspace       used 38832K, committed 39616K, reserved 1114112K
  class space    used 3916K, committed 4288K, reserved 1048576K
}
Event: 61.294 GC heap after
{Heap after GC invocations=13 (full 2):
 PSYoungGen      total 24576K, used 2001K [0x00000000eab00000, 0x00000000ec600000, 0x0000000100000000)
  eden space 22528K, 0% used [0x00000000eab00000,0x00000000eab00000,0x00000000ec100000)
  from space 2048K, 97% used [0x00000000ec280000,0x00000000ec474420,0x00000000ec480000)
  to   space 1536K, 0% used [0x00000000ec480000,0x00000000ec480000,0x00000000ec600000)
 ParOldGen       total 68608K, used 14013K [0x00000000c0000000, 0x00000000c4300000, 0x00000000eab00000)
  object space 68608K, 20% used [0x00000000c0000000,0x00000000c0daf6e0,0x00000000c4300000)
 Metaspace       used 38832K, committed 39616K, reserved 1114112K
  class space    used 3916K, committed 4288K, reserved 1048576K
}
Event: 62.111 GC heap before
{Heap before GC invocations=14 (full 2):
 PSYoungGen      total 24576K, used 24529K [0x00000000eab00000, 0x00000000ec600000, 0x0000000100000000)
  eden space 22528K, 100% used [0x00000000eab00000,0x00000000ec100000,0x00000000ec100000)
  from space 2048K, 97% used [0x00000000ec280000,0x00000000ec474420,0x00000000ec480000)
  to   space 1536K, 0% used [0x00000000ec480000,0x00000000ec480000,0x00000000ec600000)
 ParOldGen       total 68608K, used 14013K [0x00000000c0000000, 0x00000000c4300000, 0x00000000eab00000)
  object space 68608K, 20% used [0x00000000c0000000,0x00000000c0daf6e0,0x00000000c4300000)
 Metaspace       used 38874K, committed 39680K, reserved 1114112K
  class space    used 3918K, committed 4288K, reserved 1048576K
}
Event: 62.120 GC heap after
{Heap after GC invocations=14 (full 2):
 PSYoungGen      total 23040K, used 1506K [0x00000000eab00000, 0x00000000ec980000, 0x0000000100000000)
  eden space 21504K, 0% used [0x00000000eab00000,0x00000000eab00000,0x00000000ec000000)
  from space 1536K, 98% used [0x00000000ec480000,0x00000000ec5f8800,0x00000000ec600000)
  to   space 4608K, 0% used [0x00000000ec000000,0x00000000ec000000,0x00000000ec480000)
 ParOldGen       total 68608K, used 16341K [0x00000000c0000000, 0x00000000c4300000, 0x00000000eab00000)
  object space 68608K, 23% used [0x00000000c0000000,0x00000000c0ff5700,0x00000000c4300000)
 Metaspace       used 38874K, committed 39680K, reserved 1114112K
  class space    used 3918K, committed 4288K, reserved 1048576K
}
Event: 63.234 GC heap before
{Heap before GC invocations=15 (full 2):
 PSYoungGen      total 23040K, used 23010K [0x00000000eab00000, 0x00000000ec980000, 0x0000000100000000)
  eden space 21504K, 100% used [0x00000000eab00000,0x00000000ec000000,0x00000000ec000000)
  from space 1536K, 98% used [0x00000000ec480000,0x00000000ec5f8800,0x00000000ec600000)
  to   space 4608K, 0% used [0x00000000ec000000,0x00000000ec000000,0x00000000ec480000)
 ParOldGen       total 68608K, used 16341K [0x00000000c0000000, 0x00000000c4300000, 0x00000000eab00000)
  object space 68608K, 23% used [0x00000000c0000000,0x00000000c0ff5700,0x00000000c4300000)
 Metaspace       used 40139K, committed 40960K, reserved 1114112K
  class space    used 4076K, committed 4416K, reserved 1048576K
}
Event: 63.239 GC heap after
{Heap after GC invocations=15 (full 2):
 PSYoungGen      total 23552K, used 1590K [0x00000000eab00000, 0x00000000ec500000, 0x0000000100000000)
  eden space 21504K, 0% used [0x00000000eab00000,0x00000000eab00000,0x00000000ec000000)
  from space 2048K, 77% used [0x00000000ec000000,0x00000000ec18da88,0x00000000ec200000)
  to   space 2560K, 0% used [0x00000000ec280000,0x00000000ec280000,0x00000000ec500000)
 ParOldGen       total 68608K, used 17845K [0x00000000c0000000, 0x00000000c4300000, 0x00000000eab00000)
  object space 68608K, 26% used [0x00000000c0000000,0x00000000c116d780,0x00000000c4300000)
 Metaspace       used 40139K, committed 40960K, reserved 1114112K
  class space    used 4076K, committed 4416K, reserved 1048576K
}
Event: 65.893 GC heap before
{Heap before GC invocations=16 (full 2):
 PSYoungGen      total 23552K, used 23094K [0x00000000eab00000, 0x00000000ec500000, 0x0000000100000000)
  eden space 21504K, 100% used [0x00000000eab00000,0x00000000ec000000,0x00000000ec000000)
  from space 2048K, 77% used [0x00000000ec000000,0x00000000ec18da88,0x00000000ec200000)
  to   space 2560K, 0% used [0x00000000ec280000,0x00000000ec280000,0x00000000ec500000)
 ParOldGen       total 68608K, used 17845K [0x00000000c0000000, 0x00000000c4300000, 0x00000000eab00000)
  object space 68608K, 26% used [0x00000000c0000000,0x00000000c116d780,0x00000000c4300000)
 Metaspace       used 41446K, committed 42304K, reserved 1114112K
  class space    used 4249K, committed 4608K, reserved 1048576K
}
Event: 65.899 GC heap after
{Heap after GC invocations=16 (full 2):
 PSYoungGen      total 22016K, used 416K [0x00000000eab00000, 0x00000000ec300000, 0x0000000100000000)
  eden space 21504K, 0% used [0x00000000eab00000,0x00000000eab00000,0x00000000ec000000)
  from space 512K, 81% used [0x00000000ec280000,0x00000000ec2e8010,0x00000000ec300000)
  to   space 1024K, 0% used [0x00000000ec100000,0x00000000ec100000,0x00000000ec200000)
 ParOldGen       total 68608K, used 19366K [0x00000000c0000000, 0x00000000c4300000, 0x00000000eab00000)
  object space 68608K, 28% used [0x00000000c0000000,0x00000000c12e9b50,0x00000000c4300000)
 Metaspace       used 41446K, committed 42304K, reserved 1114112K
  class space    used 4249K, committed 4608K, reserved 1048576K
}
Event: 69.970 GC heap before
{Heap before GC invocations=17 (full 2):
 PSYoungGen      total 22016K, used 21920K [0x00000000eab00000, 0x00000000ec300000, 0x0000000100000000)
  eden space 21504K, 100% used [0x00000000eab00000,0x00000000ec000000,0x00000000ec000000)
  from space 512K, 81% used [0x00000000ec280000,0x00000000ec2e8010,0x00000000ec300000)
  to   space 1024K, 0% used [0x00000000ec100000,0x00000000ec100000,0x00000000ec200000)
 ParOldGen       total 68608K, used 19366K [0x00000000c0000000, 0x00000000c4300000, 0x00000000eab00000)
  object space 68608K, 28% used [0x00000000c0000000,0x00000000c12e9b50,0x00000000c4300000)
 Metaspace       used 43119K, committed 43904K, reserved 1114112K
  class space    used 4396K, committed 4736K, reserved 1048576K
}
Event: 69.975 GC heap after
{Heap after GC invocations=17 (full 2):
 PSYoungGen      total 22528K, used 704K [0x00000000eab00000, 0x00000000ec300000, 0x0000000100000000)
  eden space 21504K, 0% used [0x00000000eab00000,0x00000000eab00000,0x00000000ec000000)
  from space 1024K, 68% used [0x00000000ec100000,0x00000000ec1b0020,0x00000000ec200000)
  to   space 1024K, 0% used [0x00000000ec200000,0x00000000ec200000,0x00000000ec300000)
 ParOldGen       total 68608K, used 19614K [0x00000000c0000000, 0x00000000c4300000, 0x00000000eab00000)
  object space 68608K, 28% used [0x00000000c0000000,0x00000000c1327b50,0x00000000c4300000)
 Metaspace       used 43119K, committed 43904K, reserved 1114112K
  class space    used 4396K, committed 4736K, reserved 1048576K
}
Event: 70.320 GC heap before
{Heap before GC invocations=18 (full 2):
 PSYoungGen      total 22528K, used 22208K [0x00000000eab00000, 0x00000000ec300000, 0x0000000100000000)
  eden space 21504K, 100% used [0x00000000eab00000,0x00000000ec000000,0x00000000ec000000)
  from space 1024K, 68% used [0x00000000ec100000,0x00000000ec1b0020,0x00000000ec200000)
  to   space 1024K, 0% used [0x00000000ec200000,0x00000000ec200000,0x00000000ec300000)
 ParOldGen       total 68608K, used 19614K [0x00000000c0000000, 0x00000000c4300000, 0x00000000eab00000)
  object space 68608K, 28% used [0x00000000c0000000,0x00000000c1327b50,0x00000000c4300000)
 Metaspace       used 43123K, committed 43904K, reserved 1114112K
  class space    used 4396K, committed 4736K, reserved 1048576K
}
Event: 70.326 GC heap after
{Heap after GC invocations=18 (full 2):
 PSYoungGen      total 21504K, used 1024K [0x00000000eab00000, 0x00000000ec600000, 0x0000000100000000)
  eden space 20480K, 0% used [0x00000000eab00000,0x00000000eab00000,0x00000000ebf00000)
  from space 1024K, 100% used [0x00000000ec200000,0x00000000ec300000,0x00000000ec300000)
  to   space 3072K, 0% used [0x00000000ebf00000,0x00000000ebf00000,0x00000000ec200000)
 ParOldGen       total 68608K, used 21067K [0x00000000c0000000, 0x00000000c4300000, 0x00000000eab00000)
  object space 68608K, 30% used [0x00000000c0000000,0x00000000c1492df0,0x00000000c4300000)
 Metaspace       used 43123K, committed 43904K, reserved 1114112K
  class space    used 4396K, committed 4736K, reserved 1048576K
}
Event: 70.551 GC heap before
{Heap before GC invocations=19 (full 2):
 PSYoungGen      total 21504K, used 21504K [0x00000000eab00000, 0x00000000ec600000, 0x0000000100000000)
  eden space 20480K, 100% used [0x00000000eab00000,0x00000000ebf00000,0x00000000ebf00000)
  from space 1024K, 100% used [0x00000000ec200000,0x00000000ec300000,0x00000000ec300000)
  to   space 3072K, 0% used [0x00000000ebf00000,0x00000000ebf00000,0x00000000ec200000)
 ParOldGen       total 68608K, used 21067K [0x00000000c0000000, 0x00000000c4300000, 0x00000000eab00000)
  object space 68608K, 30% used [0x00000000c0000000,0x00000000c1492df0,0x00000000c4300000)
 Metaspace       used 43123K, committed 43904K, reserved 1114112K
  class space    used 4396K, committed 4736K, reserved 1048576K
}
Event: 70.558 GC heap after
{Heap after GC invocations=19 (full 2):
 PSYoungGen      total 23040K, used 2212K [0x00000000eab00000, 0x00000000ec400000, 0x0000000100000000)
  eden space 20480K, 0% used [0x00000000eab00000,0x00000000eab00000,0x00000000ebf00000)
  from space 2560K, 86% used [0x00000000ebf00000,0x00000000ec129000,0x00000000ec180000)
  to   space 2560K, 0% used [0x00000000ec180000,0x00000000ec180000,0x00000000ec400000)
 ParOldGen       total 68608K, used 22103K [0x00000000c0000000, 0x00000000c4300000, 0x00000000eab00000)
  object space 68608K, 32% used [0x00000000c0000000,0x00000000c1595ef0,0x00000000c4300000)
 Metaspace       used 43123K, committed 43904K, reserved 1114112K
  class space    used 4396K, committed 4736K, reserved 1048576K
}
Event: 70.787 GC heap before
{Heap before GC invocations=20 (full 2):
 PSYoungGen      total 23040K, used 22692K [0x00000000eab00000, 0x00000000ec400000, 0x0000000100000000)
  eden space 20480K, 100% used [0x00000000eab00000,0x00000000ebf00000,0x00000000ebf00000)
  from space 2560K, 86% used [0x00000000ebf00000,0x00000000ec129000,0x00000000ec180000)
  to   space 2560K, 0% used [0x00000000ec180000,0x00000000ec180000,0x00000000ec400000)
 ParOldGen       total 68608K, used 22103K [0x00000000c0000000, 0x00000000c4300000, 0x00000000eab00000)
  object space 68608K, 32% used [0x00000000c0000000,0x00000000c1595ef0,0x00000000c4300000)
 Metaspace       used 43123K, committed 43904K, reserved 1114112K
  class space    used 4396K, committed 4736K, reserved 1048576K
}
Event: 70.796 GC heap after
{Heap after GC invocations=20 (full 2):
 PSYoungGen      total 23040K, used 2144K [0x00000000eab00000, 0x00000000ec400000, 0x0000000100000000)
  eden space 20480K, 0% used [0x00000000eab00000,0x00000000eab00000,0x00000000ebf00000)
  from space 2560K, 83% used [0x00000000ec180000,0x00000000ec398010,0x00000000ec400000)
  to   space 2560K, 0% used [0x00000000ebf00000,0x00000000ebf00000,0x00000000ec180000)
 ParOldGen       total 68608K, used 24219K [0x00000000c0000000, 0x00000000c4300000, 0x00000000eab00000)
  object space 68608K, 35% used [0x00000000c0000000,0x00000000c17a6ef0,0x00000000c4300000)
 Metaspace       used 43123K, committed 43904K, reserved 1114112K
  class space    used 4396K, committed 4736K, reserved 1048576K
}
Event: 71.956 GC heap before
{Heap before GC invocations=21 (full 2):
 PSYoungGen      total 23040K, used 22624K [0x00000000eab00000, 0x00000000ec400000, 0x0000000100000000)
  eden space 20480K, 100% used [0x00000000eab00000,0x00000000ebf00000,0x00000000ebf00000)
  from space 2560K, 83% used [0x00000000ec180000,0x00000000ec398010,0x00000000ec400000)
  to   space 2560K, 0% used [0x00000000ebf00000,0x00000000ebf00000,0x00000000ec180000)
 ParOldGen       total 68608K, used 24219K [0x00000000c0000000, 0x00000000c4300000, 0x00000000eab00000)
  object space 68608K, 35% used [0x00000000c0000000,0x00000000c17a6ef0,0x00000000c4300000)
 Metaspace       used 44660K, committed 45568K, reserved 1114112K
  class space    used 4528K, committed 4928K, reserved 1048576K
}
Event: 71.966 GC heap after
{Heap after GC invocations=21 (full 2):
 PSYoungGen      total 23040K, used 2004K [0x00000000eab00000, 0x00000000ec400000, 0x0000000100000000)
  eden space 20480K, 0% used [0x00000000eab00000,0x00000000eab00000,0x00000000ebf00000)
  from space 2560K, 78% used [0x00000000ebf00000,0x00000000ec0f5310,0x00000000ec180000)
  to   space 2560K, 0% used [0x00000000ec180000,0x00000000ec180000,0x00000000ec400000)
 ParOldGen       total 68608K, used 26251K [0x00000000c0000000, 0x00000000c4300000, 0x00000000eab00000)
  object space 68608K, 38% used [0x00000000c0000000,0x00000000c19a2f00,0x00000000c4300000)
 Metaspace       used 44660K, committed 45568K, reserved 1114112K
  class space    used 4528K, committed 4928K, reserved 1048576K
}

