# JRE version: Java(TM) SE Runtime Environment (17.0.8+9) (build 17.0.8+9-LTS-211)
# Java VM: Java HotSpot(TM) 64-Bit Server VM (17.0.8+9-LTS-211, mixed mode, sharing, tiered, compressed oops, compressed class ptrs, g1 gc, windows-amd64)
GC Precious Log:
 CPUs: 4 total, 4 available
 Memory: 3971M
 Large Page Support: Disabled
 NUMA Support: Disabled
 Compressed Oops: Enabled (32-bit)
 Heap Region Size: 1M
 Heap Min Capacity: 8M
 Heap Initial Capacity: 64M
 Heap Max Capacity: 994M
 Pre-touch: Disabled
 Parallel Workers: 4
 Concurrent Workers: 1
 Concurrent Refinement Workers: 4
 Periodic GC: Disabled
Heap:
 garbage-first heap   total 91136K, used 63476K [0x00000000c1e00000, 0x0000000100000000)
  region size 1024K, 26 young (26624K), 3 survivors (3072K)
 Metaspace       used 58367K, committed 59008K, reserved 1114112K
  class space    used 7769K, committed 8064K, reserved 1048576K
GC Heap History (20 events):
Event: 16.217 GC heap before
{Heap before GC invocations=16 (full 0):
 garbage-first heap   total 75776K, used 57221K [0x00000000c1e00000, 0x0000000100000000)
  region size 1024K, 38 young (38912K), 6 survivors (6144K)
 Metaspace       used 45747K, committed 46272K, reserved 1114112K
  class space    used 6141K, committed 6400K, reserved 1048576K
}
Event: 16.230 GC heap after
{Heap after GC invocations=17 (full 0):
 garbage-first heap   total 75776K, used 26933K [0x00000000c1e00000, 0x0000000100000000)
  region size 1024K, 3 young (3072K), 3 survivors (3072K)
 Metaspace       used 45747K, committed 46272K, reserved 1114112K
  class space    used 6141K, committed 6400K, reserved 1048576K
}
Event: 17.057 GC heap before
{Heap before GC invocations=17 (full 0):
 garbage-first heap   total 75776K, used 56629K [0x00000000c1e00000, 0x0000000100000000)
  region size 1024K, 33 young (33792K), 3 survivors (3072K)
 Metaspace       used 47243K, committed 47744K, reserved 1114112K
  class space    used 6301K, committed 6528K, reserved 1048576K
}
Event: 17.068 GC heap after
{Heap after GC invocations=18 (full 0):
 garbage-first heap   total 75776K, used 31741K [0x00000000c1e00000, 0x0000000100000000)
  region size 1024K, 5 young (5120K), 5 survivors (5120K)
 Metaspace       used 47243K, committed 47744K, reserved 1114112K
  class space    used 6301K, committed 6528K, reserved 1048576K
}
Event: 17.381 GC heap before
{Heap before GC invocations=18 (full 0):
 garbage-first heap   total 75776K, used 56317K [0x00000000c1e00000, 0x0000000100000000)
  region size 1024K, 30 young (30720K), 5 survivors (5120K)
 Metaspace       used 47427K, committed 48000K, reserved 1114112K
  class space    used 6316K, committed 6592K, reserved 1048576K
}
Event: 17.391 GC heap after
{Heap after GC invocations=19 (full 0):
 garbage-first heap   total 75776K, used 35246K [0x00000000c1e00000, 0x0000000100000000)
  region size 1024K, 4 young (4096K), 4 survivors (4096K)
 Metaspace       used 47427K, committed 48000K, reserved 1114112K
  class space    used 6316K, committed 6592K, reserved 1048576K
}
Event: 17.715 GC heap before
{Heap before GC invocations=19 (full 0):
 garbage-first heap   total 75776K, used 57774K [0x00000000c1e00000, 0x0000000100000000)
  region size 1024K, 26 young (26624K), 4 survivors (4096K)
 Metaspace       used 47497K, committed 48064K, reserved 1114112K
  class space    used 6316K, committed 6592K, reserved 1048576K
}
Event: 17.718 GC heap after
{Heap after GC invocations=20 (full 0):
 garbage-first heap   total 75776K, used 34118K [0x00000000c1e00000, 0x0000000100000000)
  region size 1024K, 2 young (2048K), 2 survivors (2048K)
 Metaspace       used 47497K, committed 48064K, reserved 1114112K
  class space    used 6316K, committed 6592K, reserved 1048576K
}
Event: 17.980 GC heap before
{Heap before GC invocations=20 (full 0):
 garbage-first heap   total 75776K, used 58694K [0x00000000c1e00000, 0x0000000100000000)
  region size 1024K, 26 young (26624K), 2 survivors (2048K)
 Metaspace       used 47565K, committed 48128K, reserved 1114112K
  class space    used 6318K, committed 6592K, reserved 1048576K
}
Event: 17.981 GC heap after
{Heap after GC invocations=21 (full 0):
 garbage-first heap   total 75776K, used 33097K [0x00000000c1e00000, 0x0000000100000000)
  region size 1024K, 1 young (1024K), 1 survivors (1024K)
 Metaspace       used 47565K, committed 48128K, reserved 1114112K
  class space    used 6318K, committed 6592K, reserved 1048576K
}
Event: 18.187 GC heap before
{Heap before GC invocations=21 (full 0):
 garbage-first heap   total 75776K, used 58697K [0x00000000c1e00000, 0x0000000100000000)
  region size 1024K, 27 young (27648K), 1 survivors (1024K)
 Metaspace       used 47614K, committed 48128K, reserved 1114112K
  class space    used 6318K, committed 6592K, reserved 1048576K
}
Event: 18.196 GC heap after
{Heap after GC invocations=22 (full 0):
 garbage-first heap   total 75776K, used 39296K [0x00000000c1e00000, 0x0000000100000000)
  region size 1024K, 4 young (4096K), 4 survivors (4096K)
 Metaspace       used 47614K, committed 48128K, reserved 1114112K
  class space    used 6318K, committed 6592K, reserved 1048576K
}
Event: 19.131 GC heap before
{Heap before GC invocations=22 (full 0):
 garbage-first heap   total 75776K, used 57728K [0x00000000c1e00000, 0x0000000100000000)
  region size 1024K, 22 young (22528K), 4 survivors (4096K)
 Metaspace       used 48624K, committed 49152K, reserved 1114112K
  class space    used 6472K, committed 6720K, reserved 1048576K
}
Event: 19.142 GC heap after
{Heap after GC invocations=23 (full 0):
 garbage-first heap   total 75776K, used 41206K [0x00000000c1e00000, 0x0000000100000000)
  region size 1024K, 2 young (2048K), 2 survivors (2048K)
 Metaspace       used 48624K, committed 49152K, reserved 1114112K
  class space    used 6472K, committed 6720K, reserved 1048576K
}
Event: 19.949 GC heap before
{Heap before GC invocations=24 (full 0):
 garbage-first heap   total 75776K, used 57590K [0x00000000c1e00000, 0x0000000100000000)
  region size 1024K, 19 young (19456K), 2 survivors (2048K)
 Metaspace       used 50174K, committed 50688K, reserved 1114112K
  class space    used 6673K, committed 6912K, reserved 1048576K
}
Event: 19.957 GC heap after
{Heap after GC invocations=25 (full 0):
 garbage-first heap   total 75776K, used 41313K [0x00000000c1e00000, 0x0000000100000000)
  region size 1024K, 3 young (3072K), 3 survivors (3072K)
 Metaspace       used 50174K, committed 50688K, reserved 1114112K
  class space    used 6673K, committed 6912K, reserved 1048576K
}
Event: 20.003 GC heap before
{Heap before GC invocations=25 (full 0):
 garbage-first heap   total 75776K, used 42337K [0x00000000c1e00000, 0x0000000100000000)
  region size 1024K, 4 young (4096K), 3 survivors (3072K)
 Metaspace       used 50302K, committed 50816K, reserved 1114112K
  class space    used 6686K, committed 6912K, reserved 1048576K
}
Event: 20.012 GC heap after
{Heap after GC invocations=26 (full 0):
 garbage-first heap   total 91136K, used 39305K [0x00000000c1e00000, 0x0000000100000000)
  region size 1024K, 1 young (1024K), 1 survivors (1024K)
 Metaspace       used 50302K, committed 50816K, reserved 1114112K
  class space    used 6686K, committed 6912K, reserved 1048576K
}
Event: 82.567 GC heap before
{Heap before GC invocations=26 (full 0):
 garbage-first heap   total 91136K, used 69001K [0x00000000c1e00000, 0x0000000100000000)
  region size 1024K, 31 young (31744K), 1 survivors (1024K)
 Metaspace       used 55223K, committed 55872K, reserved 1114112K
  class space    used 7366K, committed 7680K, reserved 1048576K
}
Event: 82.612 GC heap after
{Heap after GC invocations=27 (full 0):
 garbage-first heap   total 91136K, used 40948K [0x00000000c1e00000, 0x0000000100000000)
  region size 1024K, 3 young (3072K), 3 survivors (3072K)
 Metaspace       used 55223K, committed 55872K, reserved 1114112K
  class space    used 7366K, committed 7680K, reserved 1048576K
}

